<?xml version="1.0" encoding="UTF-8"?>
<testsuite xmlns:xsi="http://www.w3.org/2001/XMLSchema-instance" xsi:noNamespaceSchemaLocation="https://maven.apache.org/surefire/maven-surefire-plugin/xsd/surefire-test-report.xsd" version="3.0.2" name="com.example.API_gateway.ApiGatewayApplicationTests" time="10.33" tests="1" errors="0" skipped="0" failures="0">
  <properties>
[...]
</properties>
  <testcase name="contextLoads" classname="com.example.API_gateway.ApiGatewayApplicationTests" time="1.465">
    <system-out><![CDATA[15:54:30.087 [main] INFO org.springframework.test.context.support.AnnotationConfigContextLoaderUtils -- Could not detect default configuration classes for test class [com.example.API_gateway.ApiGatewayApplicationTests]: ApiGatewayApplicationTests does not declare any static, non-private, non-final, nested classes annotated with @Configuration.
15:54:30.246 [main] INFO org.springframework.boot.test.context.SpringBootTestContextBootstrapper -- Found @SpringBootConfiguration com.example.API_gateway.ApiGatewayApplication for test class com.example.API_gateway.ApiGatewayApplicationTests
15:54:30.928 [main] INFO org.springframework.boot.devtools.restart.RestartApplicationListener -- Restart disabled due to context in which it is running

  .   ____          _            __ _ _
 /\\ / ___'_ __ _ _(_)_ __  __ _ \ \ \ \
( ( )\___ | '_ | '_| | '_ \/ _` | \ \ \ \
 \\/  ___)| |_)| | | | | || (_| |  ) ) ) )
  '  |____| .__|_| |_|_| |_\__, | / / / /
 =========|_|==============|___/=/_/_/_/

 :: Spring Boot ::                (v3.4.1)

2025-03-18T15:54:31.775+05:30  INFO 19412 --- [api-gateway] [           main] [                                                 ] c.e.A.ApiGatewayApplicationTests         : Starting ApiGatewayApplicationTests using Java 21.0.4 with PID 19412 (started by 10743084 in C:\Users\10743084\OneDrive - LTIMindtree\Documents\practice\AppVerse\AppVerse-Backend-\API-gateway)
2025-03-18T15:54:31.779+05:30  INFO 19412 --- [api-gateway] [           main] [                                                 ] c.e.A.ApiGatewayApplicationTests         : No active profile set, falling back to 1 default profile: "default"
2025-03-18T15:54:34.223+05:30  INFO 19412 --- [api-gateway] [           main] [                                                 ] o.s.cloud.context.scope.GenericScope     : BeanFactory id=c405a9a8-f695-32ad-b525-6500fc62bb6f
2025-03-18T15:54:34.717+05:30  INFO 19412 --- [api-gateway] [           main] [                                                 ] ctiveUserDetailsServiceAutoConfiguration : 

Using generated security password: dc347936-9d86-47fb-aeb3-18073d9fa620

2025-03-18T15:54:35.490+05:30 DEBUG 19412 --- [api-gateway] [           main] [                                                 ] s.w.r.r.m.a.RequestMappingHandlerMapping : 1 mappings in 'requestMappingHandlerMapping'
2025-03-18T15:54:36.605+05:30  INFO 19412 --- [api-gateway] [           main] [                                                 ] o.s.c.g.r.RouteDefinitionRouteLocator    : Loaded RoutePredicateFactory [After]
2025-03-18T15:54:36.605+05:30  INFO 19412 --- [api-gateway] [           main] [                                                 ] o.s.c.g.r.RouteDefinitionRouteLocator    : Loaded RoutePredicateFactory [Before]
2025-03-18T15:54:36.606+05:30  INFO 19412 --- [api-gateway] [           main] [                                                 ] o.s.c.g.r.RouteDefinitionRouteLocator    : Loaded RoutePredicateFactory [Between]
2025-03-18T15:54:36.606+05:30  INFO 19412 --- [api-gateway] [           main] [                                                 ] o.s.c.g.r.RouteDefinitionRouteLocator    : Loaded RoutePredicateFactory [Cookie]
2025-03-18T15:54:36.606+05:30  INFO 19412 --- [api-gateway] [           main] [                                                 ] o.s.c.g.r.RouteDefinitionRouteLocator    : Loaded RoutePredicateFactory [Header]
2025-03-18T15:54:36.607+05:30  INFO 19412 --- [api-gateway] [           main] [                                                 ] o.s.c.g.r.RouteDefinitionRouteLocator    : Loaded RoutePredicateFactory [Host]
2025-03-18T15:54:36.607+05:30  INFO 19412 --- [api-gateway] [           main] [                                                 ] o.s.c.g.r.RouteDefinitionRouteLocator    : Loaded RoutePredicateFactory [Method]
2025-03-18T15:54:36.608+05:30  INFO 19412 --- [api-gateway] [           main] [                                                 ] o.s.c.g.r.RouteDefinitionRouteLocator    : Loaded RoutePredicateFactory [Path]
2025-03-18T15:54:36.608+05:30  INFO 19412 --- [api-gateway] [           main] [                                                 ] o.s.c.g.r.RouteDefinitionRouteLocator    : Loaded RoutePredicateFactory [Query]
2025-03-18T15:54:36.609+05:30  INFO 19412 --- [api-gateway] [           main] [                                                 ] o.s.c.g.r.RouteDefinitionRouteLocator    : Loaded RoutePredicateFactory [ReadBody]
2025-03-18T15:54:36.609+05:30  INFO 19412 --- [api-gateway] [           main] [                                                 ] o.s.c.g.r.RouteDefinitionRouteLocator    : Loaded RoutePredicateFactory [RemoteAddr]
2025-03-18T15:54:36.610+05:30  INFO 19412 --- [api-gateway] [           main] [                                                 ] o.s.c.g.r.RouteDefinitionRouteLocator    : Loaded RoutePredicateFactory [XForwardedRemoteAddr]
2025-03-18T15:54:36.610+05:30  INFO 19412 --- [api-gateway] [           main] [                                                 ] o.s.c.g.r.RouteDefinitionRouteLocator    : Loaded RoutePredicateFactory [Weight]
2025-03-18T15:54:36.611+05:30  INFO 19412 --- [api-gateway] [           main] [                                                 ] o.s.c.g.r.RouteDefinitionRouteLocator    : Loaded RoutePredicateFactory [CloudFoundryRouteService]
2025-03-18T15:54:36.743+05:30 DEBUG 19412 --- [api-gateway] [           main] [                                                 ] o.s.w.r.handler.SimpleUrlHandlerMapping  : Patterns [/webjars/**, /**] in 'resourceHandlerMapping'
2025-03-18T15:54:37.005+05:30  INFO 19412 --- [api-gateway] [           main] [                                                 ] o.s.b.a.e.web.EndpointLinksResolver      : Exposing 1 endpoint beneath base path '/actuator'
2025-03-18T15:54:37.118+05:30 DEBUG 19412 --- [api-gateway] [           main] [                                                 ] o.s.w.r.r.m.a.ControllerMethodResolver   : ControllerAdvice beans: none
2025-03-18T15:54:37.204+05:30 DEBUG 19412 --- [api-gateway] [           main] [                                                 ] o.s.w.s.adapter.HttpWebHandlerAdapter    : enableLoggingRequestDetails='false': form data and headers will be masked to prevent unsafe logging of potentially sensitive data
2025-03-18T15:54:37.587+05:30  INFO 19412 --- [api-gateway] [           main] [                                                 ] DiscoveryClientOptionalArgsConfiguration : Eureka HTTP Client uses RestTemplate.
2025-03-18T15:54:37.643+05:30  WARN 19412 --- [api-gateway] [           main] [                                                 ] iguration$LoadBalancerCaffeineWarnLogger : Spring Cloud LoadBalancer is currently working with the default cache. While this cache implementation is useful for development and tests, it's recommended to use Caffeine cache in production.You can switch to using Caffeine cache, by adding it and org.springframework.cache.caffeine.CaffeineCacheManager to the classpath.
2025-03-18T15:54:37.729+05:30  INFO 19412 --- [api-gateway] [           main] [                                                 ] o.s.c.n.eureka.InstanceInfoFactory       : Setting initial instance status as: STARTING
2025-03-18T15:54:37.773+05:30  INFO 19412 --- [api-gateway] [           main] [                                                 ] com.netflix.discovery.DiscoveryClient    : Initializing Eureka in region us-east-1
2025-03-18T15:54:37.781+05:30  INFO 19412 --- [api-gateway] [           main] [                                                 ] c.n.d.s.r.aws.ConfigClusterResolver      : Resolving eureka endpoints via configuration
2025-03-18T15:54:37.795+05:30  INFO 19412 --- [api-gateway] [           main] [                                                 ] com.netflix.discovery.DiscoveryClient    : Disable delta property : false
2025-03-18T15:54:37.795+05:30  INFO 19412 --- [api-gateway] [           main] [                                                 ] com.netflix.discovery.DiscoveryClient    : Single vip registry refresh property : null
2025-03-18T15:54:37.795+05:30  INFO 19412 --- [api-gateway] [           main] [                                                 ] com.netflix.discovery.DiscoveryClient    : Force full registry fetch : false
2025-03-18T15:54:37.795+05:30  INFO 19412 --- [api-gateway] [           main] [                                                 ] com.netflix.discovery.DiscoveryClient    : Application is null : false
2025-03-18T15:54:37.796+05:30  INFO 19412 --- [api-gateway] [           main] [                                                 ] com.netflix.discovery.DiscoveryClient    : Registered Applications size is zero : true
2025-03-18T15:54:37.796+05:30  INFO 19412 --- [api-gateway] [           main] [                                                 ] com.netflix.discovery.DiscoveryClient    : Application version is -1: true
2025-03-18T15:54:37.796+05:30  INFO 19412 --- [api-gateway] [           main] [                                                 ] com.netflix.discovery.DiscoveryClient    : Getting all instance registry info from the eureka server
2025-03-18T15:54:37.997+05:30 DEBUG 19412 --- [api-gateway] [           main] [                                                 ] o.s.web.client.RestTemplate              : HTTP GET http://localhost:8761/eureka/apps/
2025-03-18T15:54:38.169+05:30 DEBUG 19412 --- [api-gateway] [           main] [                                                 ] o.s.web.client.RestTemplate              : Accept=[application/json, application/yaml, application/*+json]
2025-03-18T15:54:38.271+05:30 DEBUG 19412 --- [api-gateway] [           main] [                                                 ] o.s.web.client.RestTemplate              : Response 200 OK
2025-03-18T15:54:38.275+05:30 DEBUG 19412 --- [api-gateway] [           main] [                                                 ] o.s.web.client.RestTemplate              : Reading to [org.springframework.cloud.netflix.eureka.http.EurekaApplications]
2025-03-18T15:54:38.351+05:30  INFO 19412 --- [api-gateway] [           main] [                                                 ] com.netflix.discovery.DiscoveryClient    : The response status is 200
2025-03-18T15:54:38.356+05:30  INFO 19412 --- [api-gateway] [           main] [                                                 ] com.netflix.discovery.DiscoveryClient    : Starting heartbeat executor: renew interval is: 30
2025-03-18T15:54:38.361+05:30  INFO 19412 --- [api-gateway] [           main] [                                                 ] c.n.discovery.InstanceInfoReplicator     : InstanceInfoReplicator onDemand update allowed rate per min is 4
2025-03-18T15:54:38.365+05:30  INFO 19412 --- [api-gateway] [           main] [                                                 ] com.netflix.discovery.DiscoveryClient    : Discovery Client initialized at timestamp 1742293478363 with initial instances count: 2
2025-03-18T15:54:38.377+05:30  INFO 19412 --- [api-gateway] [           main] [                                                 ] o.s.c.n.e.s.EurekaServiceRegistry        : Registering application API-GATEWAY with eureka with status UP
2025-03-18T15:54:38.379+05:30  INFO 19412 --- [api-gateway] [           main] [                                                 ] com.netflix.discovery.DiscoveryClient    : Saw local status change event StatusChangeEvent [timestamp=1742293478379, current=UP, previous=STARTING]
2025-03-18T15:54:38.383+05:30  INFO 19412 --- [api-gateway] [foReplicator-%d] [                                                 ] com.netflix.discovery.DiscoveryClient    : DiscoveryClient_API-GATEWAY/10.203.117.53:api-gateway:8060: registering service...
2025-03-18T15:54:38.397+05:30 DEBUG 19412 --- [api-gateway] [foReplicator-%d] [                                                 ] o.s.web.client.RestTemplate              : HTTP POST http://localhost:8761/eureka/apps/API-GATEWAY
2025-03-18T15:54:38.406+05:30 DEBUG 19412 --- [api-gateway] [foReplicator-%d] [                                                 ] o.s.web.client.RestTemplate              : Accept=[application/json, application/yaml, application/*+json]
2025-03-18T15:54:38.451+05:30 DEBUG 19412 --- [api-gateway] [foReplicator-%d] [                                                 ] o.s.web.client.RestTemplate              : Writing [InstanceInfo [instanceId = 10.203.117.53:api-gateway:8060, appName = API-GATEWAY, hostName = 10.203.117.53, status = UP, ipAddr = 10.203.117.53, port = 8060, securePort = 443, dataCenterInfo = com.netflix.appinfo.MyDataCenterInfo@4fe8fb53] as "application/json"
2025-03-18T15:54:38.512+05:30 DEBUG 19412 --- [api-gateway] [foReplicator-%d] [                                                 ] o.s.web.client.RestTemplate              : Response 204 NO_CONTENT
2025-03-18T15:54:38.512+05:30  INFO 19412 --- [api-gateway] [foReplicator-%d] [                                                 ] com.netflix.discovery.DiscoveryClient    : DiscoveryClient_API-GATEWAY/10.203.117.53:api-gateway:8060 - registration status: 204
2025-03-18T15:54:38.601+05:30  INFO 19412 --- [api-gateway] [           main] [                                                 ] c.e.A.ApiGatewayApplicationTests         : Started ApiGatewayApplicationTests in 7.707 seconds (process running for 10.1)
]]></system-out>
    <system-err><![CDATA[Mockito is currently self-attaching to enable the inline-mock-maker. This will no longer work in future releases of the JDK. Please add Mockito as an agent to your build what is described in Mockito's documentation: https://javadoc.io/doc/org.mockito/mockito-core/latest/org/mockito/Mockito.html#0.3
WARNING: A Java agent has been loaded dynamically (C:\Users\10743084\.m2\repository\net\bytebuddy\byte-buddy-agent\1.15.11\byte-buddy-agent-1.15.11.jar)
WARNING: If a serviceability tool is in use, please run with -XX:+EnableDynamicAgentLoading to hide this warning
WARNING: If a serviceability tool is not in use, please run with -Djdk.instrument.traceUsage for more information
WARNING: Dynamic loading of agents will be disallowed by default in a future release
]]></system-err>
  </testcase>
</testsuite>